{
  "stats": {
    "suites": 1,
    "tests": 2,
    "passes": 2,
    "pending": 0,
    "failures": 0,
    "start": "2025-05-28T11:08:02.726Z",
    "end": "2025-05-28T11:08:02.938Z",
    "duration": 212,
    "testsRegistered": 2,
    "passPercent": 100,
    "pendingPercent": 0,
    "other": 0,
    "hasOther": false,
    "skipped": 0,
    "hasSkipped": false
  },
  "results": [
    {
      "uuid": "a7423a21-8d9b-4ac6-847c-c9af3fca0701",
      "title": "",
      "fullFile": "",
      "file": "",
      "beforeHooks": [
        {
          "title": "\"before all\" hook in \"{root}\"",
          "fullTitle": "\"before all\" hook in \"{root}\"",
          "timedOut": false,
          "duration": 1,
          "state": null,
          "speed": null,
          "pass": false,
          "fail": false,
          "pending": false,
          "context": null,
          "code": "await generateTestData()",
          "err": {},
          "uuid": "e577e356-e4df-40cd-991e-f0c49ad3b71a",
          "parentUUID": "a7423a21-8d9b-4ac6-847c-c9af3fca0701",
          "isHook": true,
          "skipped": false
        }
      ],
      "afterHooks": [],
      "tests": [
        {
          "title": "List books",
          "fullTitle": "List books",
          "timedOut": false,
          "duration": 0,
          "state": "passed",
          "speed": "fast",
          "pass": true,
          "fail": false,
          "pending": false,
          "context": null,
          "code": "describe(`List books`, () => {\n    getBooks()\n})",
          "err": {},
          "uuid": "46942ca0-cbe2-4c02-afb5-3f442242339c",
          "parentUUID": "a7423a21-8d9b-4ac6-847c-c9af3fca0701",
          "isHook": false,
          "skipped": false
        }
      ],
      "suites": [
        {
          "uuid": "7cfbd4df-52c0-4cd6-9a50-316b82985357",
          "title": "List books",
          "fullFile": "/api-tests/tests/scenarios/books/list_books.js",
          "file": "/tests/scenarios/books/list_books.js",
          "beforeHooks": [],
          "afterHooks": [],
          "tests": [
            {
              "title": "Retrieve list of all books",
              "fullTitle": "List books Retrieve list of all books",
              "timedOut": false,
              "duration": 176,
              "state": "passed",
              "speed": "slow",
              "pass": true,
              "fail": false,
              "pending": false,
              "context": null,
              "code": "await request(this, 'GET', '/books', undefined, false, \n    {\n        statusCode : 200,\n        expectedFields: [\n            '0.id',\n            '7.id',\n        ],\n        expectedValues: [\n                            {path: '0.id', value: 10},\n                            // {path: '6.id', value: 7},\n                        ]\n    }\n)",
              "err": {},
              "uuid": "01c760b0-6e99-44be-8ff9-b0f0a909363a",
              "parentUUID": "7cfbd4df-52c0-4cd6-9a50-316b82985357",
              "isHook": false,
              "skipped": false
            }
          ],
          "suites": [],
          "passes": [
            "01c760b0-6e99-44be-8ff9-b0f0a909363a"
          ],
          "failures": [],
          "pending": [],
          "skipped": [],
          "duration": 176,
          "root": false,
          "rootEmpty": false,
          "_timeout": 20000
        }
      ],
      "passes": [
        "46942ca0-cbe2-4c02-afb5-3f442242339c"
      ],
      "failures": [],
      "pending": [],
      "skipped": [],
      "duration": 0,
      "root": true,
      "rootEmpty": false,
      "_timeout": 20000
    }
  ],
  "meta": {
    "mocha": {
      "version": "10.8.2"
    },
    "mochawesome": {
      "options": {
        "quiet": false,
        "reportFilename": "mochawesome",
        "saveHtml": true,
        "saveJson": true,
        "consoleReporter": "spec",
        "useInlineDiffs": false,
        "code": true
      },
      "version": "6.3.1"
    },
    "marge": {
      "options": null,
      "version": "5.2.0"
    }
  }
}